Performing C SOURCE FILE Test CMAKE_HAVE_LIBC_PTHREAD failed with the following output:
Change Dir: /media/victor/ssd/data/workspace/11_machine_translate/machine_translate/build/CMakeFiles/CMakeTmp

Run Build Command(s):/usr/bin/make cmTC_2e497/fast && /usr/bin/make -f CMakeFiles/cmTC_2e497.dir/build.make CMakeFiles/cmTC_2e497.dir/build
make[1]: Entering directory '/media/victor/ssd/data/workspace/11_machine_translate/machine_translate/build/CMakeFiles/CMakeTmp'
Building C object CMakeFiles/cmTC_2e497.dir/src.c.o
/usr/bin/cc   -DCMAKE_HAVE_LIBC_PTHREAD   -o CMakeFiles/cmTC_2e497.dir/src.c.o   -c /media/victor/ssd/data/workspace/11_machine_translate/machine_translate/build/CMakeFiles/CMakeTmp/src.c
Linking C executable cmTC_2e497
/usr/local/bin/cmake -E cmake_link_script CMakeFiles/cmTC_2e497.dir/link.txt --verbose=1
/usr/bin/cc  -DCMAKE_HAVE_LIBC_PTHREAD    CMakeFiles/cmTC_2e497.dir/src.c.o  -o cmTC_2e497 
/usr/bin/ld: CMakeFiles/cmTC_2e497.dir/src.c.o: in function `main':
src.c:(.text+0x46): undefined reference to `pthread_create'
/usr/bin/ld: src.c:(.text+0x52): undefined reference to `pthread_detach'
/usr/bin/ld: src.c:(.text+0x63): undefined reference to `pthread_join'
collect2: error: ld returned 1 exit status
make[1]: *** [CMakeFiles/cmTC_2e497.dir/build.make:87: cmTC_2e497] Error 1
make[1]: Leaving directory '/media/victor/ssd/data/workspace/11_machine_translate/machine_translate/build/CMakeFiles/CMakeTmp'
make: *** [Makefile:121: cmTC_2e497/fast] Error 2


Source file was:
#include <pthread.h>

void* test_func(void* data)
{
  return data;
}

int main(void)
{
  pthread_t thread;
  pthread_create(&thread, NULL, test_func, NULL);
  pthread_detach(thread);
  pthread_join(thread, NULL);
  pthread_atfork(NULL, NULL, NULL);
  pthread_exit(NULL);

  return 0;
}

Determining if the function pthread_create exists in the pthreads failed with the following output:
Change Dir: /media/victor/ssd/data/workspace/11_machine_translate/machine_translate/build/CMakeFiles/CMakeTmp

Run Build Command(s):/usr/bin/make cmTC_af275/fast && /usr/bin/make -f CMakeFiles/cmTC_af275.dir/build.make CMakeFiles/cmTC_af275.dir/build
make[1]: Entering directory '/media/victor/ssd/data/workspace/11_machine_translate/machine_translate/build/CMakeFiles/CMakeTmp'
Building C object CMakeFiles/cmTC_af275.dir/CheckFunctionExists.c.o
/usr/bin/cc   -DCHECK_FUNCTION_EXISTS=pthread_create   -o CMakeFiles/cmTC_af275.dir/CheckFunctionExists.c.o   -c /usr/local/share/cmake-3.15/Modules/CheckFunctionExists.c
Linking C executable cmTC_af275
/usr/local/bin/cmake -E cmake_link_script CMakeFiles/cmTC_af275.dir/link.txt --verbose=1
/usr/bin/cc  -DCHECK_FUNCTION_EXISTS=pthread_create    CMakeFiles/cmTC_af275.dir/CheckFunctionExists.c.o  -o cmTC_af275 -lpthreads 
/usr/bin/ld: cannot find -lpthreads
collect2: error: ld returned 1 exit status
make[1]: *** [CMakeFiles/cmTC_af275.dir/build.make:87: cmTC_af275] Error 1
make[1]: Leaving directory '/media/victor/ssd/data/workspace/11_machine_translate/machine_translate/build/CMakeFiles/CMakeTmp'
make: *** [Makefile:121: cmTC_af275/fast] Error 2



